a2a4 20
a2a3 20
b2b4 20
b2b3 20
c2c4 20
c2c3 20
d2d4 20
d2d3 20
e2e4 20
e2e3 20
f2f4 20
f2f3 20
g2g4 20
g2g3 20
h2h4 20
h2h3 20
b1a3 20
b1c3 20
g1f3 20
g1h3 20

400
a2a4 20
a2a3 20
b2b4 20
b2b3 20
c2c4 20
c2c3 20
d2d4 20
d2d3 20
e2e4 20
e2e3 20
f2f4 20
f2f3 20
g2g4 20
g2g3 20
h2h4 20
h2h3 20
b1a3 20
b1c3 20
g1f3 20
g1h3 20

400
a2a4 20
a2a3 20
b2b4 20
b2b3 20
c2c4 20
c2c3 20
d2d4 20
d2d3 20
e2e4 20
e2e3 20
f2f4 20
f2f3 20
g2g4 20
g2g3 20
h2h4 20
h2h3 20
b1a3 20
b1c3 20
g1f3 20
g1h3 20

400
a2a4 20
a2a3 20
b2b4 20
b2b3 20
c2c4 20
c2c3 20
d2d4 20
d2d3 20
e2e4 20
e2e3 20
f2f4 20
f2f3 20
g2g4 20
g2g3 20
h2h4 20
h2h3 20
b1a3 20
b1c3 20
g1f3 20
g1h3 20

400
a2a4 20
a2a3 20
b2b4 20
b2b3 20
c2c4 20
c2c3 20
d2d4 20
d2d3 20
e2e4 20
e2e3 20
f2f4 20
f2f3 20
g2g4 20
g2g3 20
h2h4 20
h2h3 20
b1a3 20
b1c3 20
g1f3 20
g1h3 20

400

a2a4 20
a2a3 20
b2b4 20
b2b3 20
c2c4 20
c2c3 20
d2d4 20
d2d3 20
e2e4 20
e2e3 20
f2f4 20
f2f3 20
g2g4 20
g2g3 20
h2h4 20
h2h3 20
b1a3 20
b1c3 20
g1f3 20
g1h3 20

400

a2a4 20
a2a3 20
b2b4 20
b2b3 20
c2c4 20
c2c3 20
d2d4 20
d2d3 20
e2e4 20
e2e3 20
f2f4 20
f2f3 20
g2g4 20
g2g3 20
h2h4 20
h2h3 20
b1a3 20
b1c3 20
g1f3 20
g1h3 20

400a2a4 20
a2a3 20
b2b4 20
b2b3 20
c2c4 20
c2c3 20
d2d4 20
d2d3 20
e2e4 20
e2e3 20
f2f4 20
f2f3 20
g2g4 20
g2g3 20
h2h4 20
h2h3 20
b1a3 20
b1c3 20
g1f3 20
g1h3 20

400a2a4 20
a2a3 20
b2b4 20
b2b3 20
c2c4 20
c2c3 20
d2d4 20
d2d3 20
e2e4 20
e2e3 20
f2f4 20
f2f3 20
g2g4 20
g2g3 20
h2h4 20
h2h3 20
b1a3 20
b1c3 20
g1f3 20
g1h3 20

400a2a4 20
a2a3 20
b2b4 20
b2b3 20
c2c4 20
c2c3 20
d2d4 20
d2d3 20
e2e4 20
e2e3 20
f2f4 20
f2f3 20
g2g4 20
g2g3 20
h2h4 20
h2h3 20
b1a3 20
b1c3 20
g1f3 20
g1h3 20

400a2a4 1
a2a3 1
b2b4 1
b2b3 1
c2c4 1
c2c3 1
d2d4 1
d2d3 1
e2e4 1
e2e3 1
f2f4 1
f2f3 1
g2g4 1
g2g3 1
h2h4 1
h2h3 1
b1a3 1
b1c3 1
g1f3 1
g1h3 1

20a2a4 20
a2a3 20
b2b4 20
b2b3 20
c2c4 20
c2c3 20
d2d4 20
d2d3 20
e2e4 20
e2e3 20
f2f4 20
f2f3 20
g2g4 20
g2g3 20
h2h4 20
h2h3 20
b1a3 20
b1c3 20
g1f3 20
g1h3 20

400a2a4 421
a2a3 381
b2b4 422
b2b3 422
c2c4 442
c2c3 422
d2d4 561
d2d3 541
e2e4 601
e2e3 601
f2f4 402
f2f3 382
g2g4 422
g2g3 422
h2h4 421
h2h3 381
b1a3 400
b1c3 440
g1f3 440
g1h3 400

8924a7a6 19
a7a5 19
b7b6 19
b7b5 20
c7c6 19
c7c5 19
d7d6 19
d7d5 19
e7e6 19
e7e5 19
f7f6 19
f7f5 19
g7g6 19
g7g5 19
h7h6 19
h7h5 19
b8a6 19
b8c6 19
g8f6 19
g8h6 19

381a7a6 19
a7a5 19
b7b6 19
b7b5 20
c7c6 19
c7c5 19
d7d6 19
d7d5 19
e7e6 19
e7e5 19
f7f6 19
f7f5 19
g7g6 19
g7g5 19
h7h6 19
h7h5 19
b8a6 19
b8c6 19
g8f6 19
g8h6 19

381a7a6 1
a7a5 1
b7b6 1
b7b5 1
c7c6 1
c7c5 1
d7d6 1
d7d5 1
e7e6 1
e7e5 1
f7f6 1
f7f5 1
g7g6 1
g7g5 1
h7h6 1
h7h5 1
b8a6 1
b8c6 1
g8f6 1
g8h6 1

20a2a4 1
a2a3 1
b2b4 1
b2b3 1
c2c4 1
c2c3 1
d2d4 1
d2d3 1
e2e4 1
e2e3 1
f2f4 1
f2f3 1
g2g4 1
g2g3 1
h2h4 1
h2h3 1
b1a3 1
b1c3 1
g1f3 1
g1h3 1

20a2a4 1
a2a3 1
b2b4 1
b2b3 1
c2c4 1
c2c3 1
d2d4 1
d2d3 1
e2e4 1
e2e3 1
f2f4 1
f2f3 1
g2g4 1
g2g3 1
h2h4 1
h2h3 1
b1a3 1
b1c3 1
g1f3 1
g1h3 1

20a2a4 20
a2a3 20
b2b4 20
b2b3 20
c2c4 20
c2c3 20
d2d4 20
d2d3 20
e2e4 20
e2e3 20
f2f4 20
f2f3 20
g2g4 20
g2g3 20
h2h4 20
h2h3 20
b1a3 20
b1c3 20
g1f3 20
g1h3 20

400a2a4 421
a2a3 381
b2b4 422
b2b3 422
c2c4 442
c2c3 422
d2d4 561
d2d3 541
e2e4 601
e2e3 601
f2f4 402
f2f3 382
g2g4 422
g2g3 422
h2h4 421
h2h3 381
b1a3 400
b1c3 440
g1f3 440
g1h3 400

8924a7a6 19
a7a5 19
b7b6 19
b7b5 20
c7c6 19
c7c5 19
d7d6 19
d7d5 19
e7e6 19
e7e5 19
f7f6 19
f7f5 19
g7g6 19
g7g5 19
h7h6 19
h7h5 19
b8a6 19
b8c6 19
g8f6 19
g8h6 19

381a7a6 1
a7a5 1
b7b6 1
b7b5 1
c7c6 1
c7c5 1
d7d6 1
d7d5 1
e7e6 1
e7e5 1
f7f6 1
f7f5 1
g7g6 1
g7g5 1
h7h6 1
h7h5 1
b8a6 1
b8c6 1
g8f6 1
g8h6 1

20a7a6 1
a7a5 1
b7b6 1
b7b5 1
c7c6 1
c7c5 1
d7d6 1
d7d5 1
e7e6 1
e7e5 1
f7f6 1
f7f5 1
g7g6 1
g7g5 1
h7h6 1
h7h5 1
b8a6 1
b8c6 1
g8f6 1
g8h6 1

20a2a4 1
a2a3 1
b2b4 1
b2b3 1
c2c4 1
c2c3 1
d2d4 1
d2d3 1
e2e4 1
e2e3 1
f2f4 1
f2f3 1
g2g4 1
g2g3 1
h2h4 1
h2h3 1
b1a3 1
b1c3 1
g1f3 1
g1h3 1

20a2a4 1
a2a3 1
b2b4 1
b2b3 1
c2c4 1
c2c3 1
d2d4 1
d2d3 1
e2e4 1
e2e3 1
f2f4 1
f2f3 1
g2g4 1
g2g3 1
h2h4 1
h2h3 1
b1a3 1
b1c3 1
g1f3 1
g1h3 1

20a2a4 1
a2a3 1
b2b4 1
b2b3 1
c2c4 1
c2c3 1
d2d4 1
d2d3 1
e2e4 1
e2e3 1
f2f4 1
f2f3 1
g2g4 1
g2g3 1
h2h4 1
h2h3 1
b1a3 1
b1c3 1
g1f3 1
g1h3 1

20a2a4 1
a2a3 1
b2b4 1
b2b3 1
c2c4 1
c2c3 1
d2d4 1
d2d3 1
e2e4 1
e2e3 1
f2f4 1
f2f3 1
g2g4 1
g2g3 1
h2h4 1
h2h3 1
b1a3 1
b1c3 1
g1f3 1
g1h3 1

20